app/build/outputs/logs/manifest-merger-debug-report.txt
-- Merging decision tree log ---
provider#android.support.v4.content.FileProvider
INJECTED from src\main\AndroidManifest.xml:55:9-63:20
	android:grantUriPermissions
		ADDED from src\main\AndroidManifest.xml:59:13-47
	android:authorities
		INJECTED from src\main\AndroidManifest.xml
		ADDED from src\main\AndroidManifest.xml:57:13-60
	android:exported
		ADDED from src\main\AndroidManifest.xml:58:13-37
	android:name
		ADDED from src\main\AndroidManifest.xml:56:13-67
manifest
ADDED from src\main\AndroidManifest.xml:2:1-515:12
INJECTED from src\main\AndroidManifest.xml:2:1-515:12
INJECTED from src\main\AndroidManifest.xml:2:1-515:12
INJECTED from src\main\AndroidManifest.xml:2:1-515:12
MERGED from [com.android.support:appcompat-v7:28.0.0] AndroidManifest.xml:17:1-22:12
MERGED from [com.android.support.constraint:constraint-layout:1.1.3] AndroidManifest.xml:2:1-11:12
MERGED from [com.firebase:firebase-jobdispatcher:0.8.6] AndroidManifest.xml:17:1-48:12
MERGED from [com.android.support:gridlayout-v7:28.0.0] AndroidManifest.xml:17:1-22:12
MERGED from [com.google.android.gms:play-services-location:12.0.1] AndroidManifest.xml:2:1-9:12
MERGED from [com.google.android.gms:play-services-base:12.0.1] AndroidManifest.xml:17:1-29:12
MERGED from [com.google.android.gms:play-services-tasks:12.0.1] AndroidManifest.xml:2:1-9:12
MERGED from [com.google.android.gms:play-services-basement:12.0.1] AndroidManifest.xml:17:1-28:12
MERGED from [com.android.support:support-v4:28.0.0] AndroidManifest.xml:17:1-22:12
MERGED from [com.google.maps.android:android-maps-utils:0.4] AndroidManifest.xml:2:1-13:12
MERGED from [com.android.support:support-fragment:28.0.0] AndroidManifest.xml:17:1-22:12
MERGED from [com.android.support:animated-vector-drawable:28.0.0] AndroidManifest.xml:17:1-22:12
MERGED from [com.android.support:support-core-ui:28.0.0] AndroidManifest.xml:17:1-22:12
MERGED from [com.android.support:support-core-utils:28.0.0] AndroidManifest.xml:17:1-22:12
MERGED from [com.android.support:support-vector-drawable:28.0.0] AndroidManifest.xml:17:1-22:12
MERGED from [com.android.support:support-media-compat:28.0.0] AndroidManifest.xml:17:1-22:12
MERGED from [com.android.support:loader:28.0.0] AndroidManifest.xml:17:1-22:12
MERGED from [com.android.support:viewpager:28.0.0] AndroidManifest.xml:17:1-22:12
MERGED from [com.android.support:coordinatorlayout:28.0.0] AndroidManifest.xml:17:1-22:12
MERGED from [com.android.support:drawerlayout:28.0.0] AndroidManifest.xml:17:1-22:12
MERGED from [com.android.support:slidingpanelayout:28.0.0] AndroidManifest.xml:17:1-22:12
MERGED from [com.android.support:customview:28.0.0] AndroidManifest.xml:17:1-22:12
MERGED from [com.android.support:swiperefreshlayout:28.0.0] AndroidManifest.xml:17:1-22:12
MERGED from [com.android.support:asynclayoutinflater:28.0.0] AndroidManifest.xml:17:1-22:12
MERGED from [com.android.support:support-compat:28.0.0] AndroidManifest.xml:17:1-24:12
MERGED from [com.android.support:versionedparcelable:28.0.0] AndroidManifest.xml:17:1-25:12
MERGED from [com.android.support:cursoradapter:28.0.0] AndroidManifest.xml:17:1-22:12
MERGED from [android.arch.lifecycle:runtime:1.1.1] AndroidManifest.xml:17:1-22:12
MERGED from [com.android.support:documentfile:28.0.0] AndroidManifest.xml:17:1-22:12
MERGED from [com.android.support:localbroadcastmanager:28.0.0] AndroidManifest.xml:17:1-22:12
MERGED from [com.android.support:print:28.0.0] AndroidManifest.xml:17:1-22:12
MERGED from [android.arch.lifecycle:viewmodel:1.1.1] AndroidManifest.xml:17:1-22:12
MERGED from [com.android.support:interpolator:28.0.0] AndroidManifest.xml:17:1-22:12
MERGED from [android.arch.lifecycle:livedata:1.1.1] AndroidManifest.xml:17:1-22:12
MERGED from [android.arch.lifecycle:livedata-core:1.1.1] AndroidManifest.xml:17:1-22:12
MERGED from [android.arch.core:runtime:1.1.1] AndroidManifest.xml:17:1-22:12
MERGED from [com.google.android.gms:play-services-location-license:12.0.1] AndroidManifest.xml:17:1-24:12
MERGED from [com.google.android.gms:play-services-base-license:12.0.1] AndroidManifest.xml:17:1-24:12
MERGED from [com.google.android.gms:play-services-basement-license:12.0.1] AndroidManifest.xml:17:1-24:12
MERGED from [com.google.android.gms:play-services-tasks-license:12.0.1] AndroidManifest.xml:17:1-24:12
INJECTED from src\main\AndroidManifest.xml:2:1-515:12
INJECTED from src\main\AndroidManifest.xml:2:1-515:12
INJECTED from src\main\AndroidManifest.xml:2:1-515:12
	package
		ADDED from src\main\AndroidManifest.xml:4:5-52
		INJECTED from src\main\AndroidManifest.xml
		INJECTED from src\main\AndroidManifest.xml
	android:versionName
		ADDED from src\main\AndroidManifest.xml:7:5-31
		INJECTED from src\main\AndroidManifest.xml
		INJECTED from src\main\AndroidManifest.xml
	xmlns:tools
		ADDED from src\main\AndroidManifest.xml:3:5-51
	xmlns:android
		ADDED from src\main\AndroidManifest.xml:2:11-69
	android:versionCode
		ADDED from src\main\AndroidManifest.xml:6:5-29
		INJECTED from src\main\AndroidManifest.xml
		INJECTED from src\main\AndroidManifest.xml
	android:permission
		ADDED from src\main\AndroidManifest.xml:5:5-67
uses-permission#android.permission.INTERNET
ADDED from src\main\AndroidManifest.xml:9:5-67
	android:name
		ADDED from src\main\AndroidManifest.xml:9:22-64
uses-permission#android.permission.ACCESS_FINE_LOCATION
ADDED from src\main\AndroidManifest.xml:10:5-79
	android:name
		ADDED from src\main\AndroidManifest.xml:10:22-76
uses-permission#android.permission.ACCESS_COARSE_LOCATION
ADDED from src\main\AndroidManifest.xml:11:5-81
	android:name
		ADDED from src\main\AndroidManifest.xml:11:22-78
uses-permission#android.permission.ACCESS_LOCATION_EXTRA_COMMANDS
ADDED from src\main\AndroidManifest.xml:12:5-89
	android:name
		ADDED from src\main\AndroidManifest.xml:12:22-86
uses-permission#android.permission.ACCESS_NETWORK_STATE
ADDED from src\main\AndroidManifest.xml:13:5-79
MERGED from [com.firebase:firebase-jobdispatcher:0.8.6] AndroidManifest.xml:30:5-79
MERGED from [com.firebase:firebase-jobdispatcher:0.8.6] AndroidManifest.xml:30:5-79
	android:name
		ADDED from src\main\AndroidManifest.xml:13:22-76
uses-permission#android.permission.READ_PHONE_STATE
ADDED from src\main\AndroidManifest.xml:14:5-75
	android:name
		ADDED from src\main\AndroidManifest.xml:14:22-72
uses-permission#android.permission.WRITE_EXTERNAL_STORAGE
ADDED from src\main\AndroidManifest.xml:15:5-81
	android:name
		ADDED from src\main\AndroidManifest.xml:15:22-78
uses-permission#android.permission.WRITE_INTERNAL_STORAGE
ADDED from src\main\AndroidManifest.xml:16:5-81
	android:name
		ADDED from src\main\AndroidManifest.xml:16:22-78
uses-permission#android.permission.READ_EXTERNAL_STORAGE
ADDED from src\main\AndroidManifest.xml:17:5-80
	android:name
		ADDED from src\main\AndroidManifest.xml:17:22-77
uses-permission#android.permission.RECEIVE_BOOT_COMPLETED
ADDED from src\main\AndroidManifest.xml:18:5-81
	android:name
		ADDED from src\main\AndroidManifest.xml:18:22-78
uses-permission#android.permission.WRITE_SETTINGS
ADDED from src\main\AndroidManifest.xml:19:5-21:47
	tools:ignore
		ADDED from src\main\AndroidManifest.xml:21:9-44
	android:name
		ADDED from src\main\AndroidManifest.xml:20:9-57
uses-permission#android.permission.SEND_SMS
ADDED from src\main\AndroidManifest.xml:22:5-67
	android:name
		ADDED from src\main\AndroidManifest.xml:22:22-64
uses-permission#android.permission.RECEIVE_SMS
ADDED from src\main\AndroidManifest.xml:23:5-70
	android:name
		ADDED from src\main\AndroidManifest.xml:23:22-67
uses-permission#android.permission.WAKE_LOCK
ADDED from src\main\AndroidManifest.xml:24:5-68
	android:name
		ADDED from src\main\AndroidManifest.xml:24:22-65
uses-feature#android.hardware.sensor.accelerometer
ADDED from src\main\AndroidManifest.xml:26:5-28:35
	android:required
		ADDED from src\main\AndroidManifest.xml:28:9-32
	android:name
		ADDED from src\main\AndroidManifest.xml:27:9-61
application
ADDED from src\main\AndroidManifest.xml:30:5-513:19
MERGED from [com.android.support.constraint:constraint-layout:1.1.3] AndroidManifest.xml:9:5-20
MERGED from [com.android.support.constraint:constraint-layout:1.1.3] AndroidManifest.xml:9:5-20
MERGED from [com.firebase:firebase-jobdispatcher:0.8.6] AndroidManifest.xml:32:5-46:19
MERGED from [com.firebase:firebase-jobdispatcher:0.8.6] AndroidManifest.xml:32:5-46:19
MERGED from [com.google.android.gms:play-services-location:12.0.1] AndroidManifest.xml:7:5-20
MERGED from [com.google.android.gms:play-services-location:12.0.1] AndroidManifest.xml:7:5-20
MERGED from [com.google.android.gms:play-services-base:12.0.1] AndroidManifest.xml:22:5-27:19
MERGED from [com.google.android.gms:play-services-base:12.0.1] AndroidManifest.xml:22:5-27:19
MERGED from [com.google.android.gms:play-services-tasks:12.0.1] AndroidManifest.xml:7:5-20
MERGED from [com.google.android.gms:play-services-tasks:12.0.1] AndroidManifest.xml:7:5-20
MERGED from [com.google.android.gms:play-services-basement:12.0.1] AndroidManifest.xml:22:5-26:19
MERGED from [com.google.android.gms:play-services-basement:12.0.1] AndroidManifest.xml:22:5-26:19
MERGED from [com.google.maps.android:android-maps-utils:0.4] AndroidManifest.xml:7:5-11:19
MERGED from [com.google.maps.android:android-maps-utils:0.4] AndroidManifest.xml:7:5-11:19
MERGED from [com.android.support:support-compat:28.0.0] AndroidManifest.xml:22:5-94
MERGED from [com.android.support:support-compat:28.0.0] AndroidManifest.xml:22:5-94
MERGED from [com.android.support:versionedparcelable:28.0.0] AndroidManifest.xml:22:5-23:19
MERGED from [com.android.support:versionedparcelable:28.0.0] AndroidManifest.xml:22:5-23:19
MERGED from [com.google.android.gms:play-services-location-license:12.0.1] AndroidManifest.xml:22:5-20
MERGED from [com.google.android.gms:play-services-location-license:12.0.1] AndroidManifest.xml:22:5-20
MERGED from [com.google.android.gms:play-services-base-license:12.0.1] AndroidManifest.xml:22:5-20
MERGED from [com.google.android.gms:play-services-base-license:12.0.1] AndroidManifest.xml:22:5-20
MERGED from [com.google.android.gms:play-services-basement-license:12.0.1] AndroidManifest.xml:22:5-20
MERGED from [com.google.android.gms:play-services-basement-license:12.0.1] AndroidManifest.xml:22:5-20
MERGED from [com.google.android.gms:play-services-tasks-license:12.0.1] AndroidManifest.xml:22:5-20
MERGED from [com.google.android.gms:play-services-tasks-license:12.0.1] AndroidManifest.xml:22:5-20
	android:appComponentFactory
		ADDED from [com.android.support:support-compat:28.0.0] AndroidManifest.xml:22:18-91
	android:supportsRtl
		ADDED from src\main\AndroidManifest.xml:34:9-35
	android:label
		ADDED from src\main\AndroidManifest.xml:37:9-39
	android:hardwareAccelerated
		ADDED from src\main\AndroidManifest.xml:31:9-44
	android:largeHeap
		ADDED from src\main\AndroidManifest.xml:33:9-33
	android:icon
		ADDED from src\main\AndroidManifest.xml:36:9-50
	android:allowBackup
		ADDED from src\main\AndroidManifest.xml:32:9-35
	android:theme
		ADDED from src\main\AndroidManifest.xml:39:9-43
	android:networkSecurityConfig
		ADDED from src\main\AndroidManifest.xml:38:9-69
	android:usesCleartextTraffic
		ADDED from src\main\AndroidManifest.xml:40:9-44
	android:name
		ADDED from src\main\AndroidManifest.xml:35:9-85
activity#com.lk.lankabell.android.activity.tsr.activity.SplashActivity
ADDED from src\main\AndroidManifest.xml:41:9-53:20
	android:screenOrientation
		ADDED from src\main\AndroidManifest.xml:44:13-49
	android:theme
		ADDED from src\main\AndroidManifest.xml:43:13-42
	android:name
		ADDED from src\main\AndroidManifest.xml:42:13-52
intent-filter#action:name:com.lk.lankabell.android.activity.tsr+category:name:android.intent.category.DEFAULT
ADDED from src\main\AndroidManifest.xml:46:13-52:29
category#android.intent.category.DEFAULT
ADDED from src\main\AndroidManifest.xml:48:17-76
	android:name
		ADDED from src\main\AndroidManifest.xml:48:27-73
action#com.lk.lankabell.android.activity.tsr
ADDED from src\main\AndroidManifest.xml:50:17-80
	android:name
		ADDED from src\main\AndroidManifest.xml:50:25-77
uses-library#org.apache.http.legacy
ADDED from src\main\AndroidManifest.xml:65:9-67:40
	android:required
		ADDED from src\main\AndroidManifest.xml:67:13-37
	android:name
		ADDED from src\main\AndroidManifest.xml:66:13-50
activity#com.lk.lankabell.android.activity.tsr.activity.LoginPage
ADDED from src\main\AndroidManifest.xml:69:9-78:20
	android:screenOrientation
		ADDED from src\main\AndroidManifest.xml:72:13-49
	android:configChanges
		ADDED from src\main\AndroidManifest.xml:71:13-63
	android:name
		ADDED from src\main\AndroidManifest.xml:70:13-47
intent-filter#action:name:android.intent.action.MAIN+category:name:android.intent.category.LAUNCHER
ADDED from src\main\AndroidManifest.xml:73:13-77:29
action#android.intent.action.MAIN
ADDED from src\main\AndroidManifest.xml:74:17-69
	android:name
		ADDED from src\main\AndroidManifest.xml:74:25-66
category#android.intent.category.LAUNCHER
ADDED from src\main\AndroidManifest.xml:76:17-77
	android:name
		ADDED from src\main\AndroidManifest.xml:76:27-74
service#com.lk.lankabell.android.activity.tsr.activity.BackgroundService
ADDED from src\main\AndroidManifest.xml:89:9-96:19
	android:process
		ADDED from src\main\AndroidManifest.xml:92:13-38
	android:exported
		ADDED from src\main\AndroidManifest.xml:91:13-37
	android:name
		ADDED from src\main\AndroidManifest.xml:90:13-55
intent-filter#action:name:com.lk.lankabell.android.activity.BackgroundService
ADDED from src\main\AndroidManifest.xml:93:13-95:29
action#com.lk.lankabell.android.activity.BackgroundService
ADDED from src\main\AndroidManifest.xml:94:17-94
	android:name
		ADDED from src\main\AndroidManifest.xml:94:25-91
activity#com.lk.lankabell.android.activity.tsr.activity.FaultActivity
ADDED from src\main\AndroidManifest.xml:102:9-113:20
	android:screenOrientation
		ADDED from src\main\AndroidManifest.xml:107:13-49
	android:label
		ADDED from src\main\AndroidManifest.xml:105:13-42
	android:configChanges
		ADDED from src\main\AndroidManifest.xml:104:13-63
	android:logo
		ADDED from src\main\AndroidManifest.xml:106:13-42
	android:name
		ADDED from src\main\AndroidManifest.xml:103:13-51
intent-filter#action:name:android.intent.action.DEFAULT+category:name:android.intent.category.LAUNCHER
ADDED from src\main\AndroidManifest.xml:108:13-112:29
action#android.intent.action.DEFAULT
ADDED from src\main\AndroidManifest.xml:109:17-72
	android:name
		ADDED from src\main\AndroidManifest.xml:109:25-69
activity#com.lk.lankabell.android.activity.tsr.activity.MySynchReports
ADDED from src\main\AndroidManifest.xml:114:9-125:20
	android:screenOrientation
		ADDED from src\main\AndroidManifest.xml:119:13-49
	android:label
		ADDED from src\main\AndroidManifest.xml:117:13-43
	android:configChanges
		ADDED from src\main\AndroidManifest.xml:116:13-63
	android:logo
		ADDED from src\main\AndroidManifest.xml:118:13-42
	android:name
		ADDED from src\main\AndroidManifest.xml:115:13-52
activity#com.lk.lankabell.android.activity.tsr.activity.MerchantInventoryMerchantList
ADDED from src\main\AndroidManifest.xml:126:9-137:20
	android:screenOrientation
		ADDED from src\main\AndroidManifest.xml:131:13-49
	android:label
		ADDED from src\main\AndroidManifest.xml:129:13-49
	android:configChanges
		ADDED from src\main\AndroidManifest.xml:128:13-63
	android:logo
		ADDED from src\main\AndroidManifest.xml:130:13-42
	android:name
		ADDED from src\main\AndroidManifest.xml:127:13-67
activity#com.lk.lankabell.android.activity.tsr.activity.CreateTable
ADDED from src\main\AndroidManifest.xml:138:9-149:20
	android:screenOrientation
		ADDED from src\main\AndroidManifest.xml:143:13-49
	android:label
		ADDED from src\main\AndroidManifest.xml:141:13-49
	android:configChanges
		ADDED from src\main\AndroidManifest.xml:140:13-63
	android:logo
		ADDED from src\main\AndroidManifest.xml:142:13-42
	android:name
		ADDED from src\main\AndroidManifest.xml:139:13-49
activity#com.lk.lankabell.android.activity.tsr.activity.tsrInventory
ADDED from src\main\AndroidManifest.xml:150:9-161:20
	android:screenOrientation
		ADDED from src\main\AndroidManifest.xml:155:13-49
	android:label
		ADDED from src\main\AndroidManifest.xml:154:13-43
	android:configChanges
		ADDED from src\main\AndroidManifest.xml:152:13-63
	android:icon
		ADDED from src\main\AndroidManifest.xml:153:13-42
	android:name
		ADDED from src\main\AndroidManifest.xml:151:13-50
activity#com.lk.lankabell.android.activity.tsr.activity.SalesSelectType
ADDED from src\main\AndroidManifest.xml:172:9-183:20
	android:screenOrientation
		ADDED from src\main\AndroidManifest.xml:177:13-49
	android:label
		ADDED from src\main\AndroidManifest.xml:176:13-41
	android:configChanges
		ADDED from src\main\AndroidManifest.xml:174:13-63
	android:icon
		ADDED from src\main\AndroidManifest.xml:175:13-42
	android:name
		ADDED from src\main\AndroidManifest.xml:173:13-53
activity#com.lk.lankabell.android.activity.tsr.activity.MerchantInventoryDetails
ADDED from src\main\AndroidManifest.xml:184:9-195:20
	android:screenOrientation
		ADDED from src\main\AndroidManifest.xml:189:13-49
	android:label
		ADDED from src\main\AndroidManifest.xml:188:13-48
	android:configChanges
		ADDED from src\main\AndroidManifest.xml:186:13-63
	android:icon
		ADDED from src\main\AndroidManifest.xml:187:13-42
	android:name
		ADDED from src\main\AndroidManifest.xml:185:13-62
activity#com.lk.lankabell.android.activity.tsr.activity.MerchantInventoryTable
ADDED from src\main\AndroidManifest.xml:196:9-207:20
	android:screenOrientation
		ADDED from src\main\AndroidManifest.xml:201:13-49
	android:label
		ADDED from src\main\AndroidManifest.xml:200:13-48
	android:configChanges
		ADDED from src\main\AndroidManifest.xml:198:13-63
	android:icon
		ADDED from src\main\AndroidManifest.xml:199:13-42
	android:name
		ADDED from src\main\AndroidManifest.xml:197:13-60
activity#com.lk.lankabell.android.activity.tsr.activity.LocationActivity
ADDED from src\main\AndroidManifest.xml:208:9-219:20
	android:screenOrientation
		ADDED from src\main\AndroidManifest.xml:213:13-49
	android:label
		ADDED from src\main\AndroidManifest.xml:212:13-43
	android:configChanges
		ADDED from src\main\AndroidManifest.xml:210:13-63
	android:icon
		ADDED from src\main\AndroidManifest.xml:211:13-42
	android:name
		ADDED from src\main\AndroidManifest.xml:209:13-54
activity#com.lk.lankabell.android.activity.tsr.activity.home
ADDED from src\main\AndroidManifest.xml:220:9-230:20
	android:screenOrientation
		ADDED from src\main\AndroidManifest.xml:224:13-49
	android:label
		ADDED from src\main\AndroidManifest.xml:223:13-39
	android:configChanges
		ADDED from src\main\AndroidManifest.xml:222:13-63
	android:name
		ADDED from src\main\AndroidManifest.xml:221:13-42
activity#com.lk.lankabell.android.activity.tsr.activity.MainRadioActivity
ADDED from src\main\AndroidManifest.xml:231:9-241:20
	android:screenOrientation
		ADDED from src\main\AndroidManifest.xml:235:13-49
	android:label
		ADDED from src\main\AndroidManifest.xml:234:13-38
	android:configChanges
		ADDED from src\main\AndroidManifest.xml:233:13-63
	android:name
		ADDED from src\main\AndroidManifest.xml:232:13-55
activity#com.lk.lankabell.android.activity.tsr.activity.SubMenuActivity
ADDED from src\main\AndroidManifest.xml:242:9-252:20
	android:screenOrientation
		ADDED from src\main\AndroidManifest.xml:246:13-49
	android:label
		ADDED from src\main\AndroidManifest.xml:245:13-48
	android:configChanges
		ADDED from src\main\AndroidManifest.xml:244:13-63
	android:name
		ADDED from src\main\AndroidManifest.xml:243:13-53
activity#com.lk.lankabell.android.activity.tsr.activity.CardSaleActivity
ADDED from src\main\AndroidManifest.xml:253:9-263:20
	android:screenOrientation
		ADDED from src\main\AndroidManifest.xml:257:13-49
	android:label
		ADDED from src\main\AndroidManifest.xml:256:13-39
	android:configChanges
		ADDED from src\main\AndroidManifest.xml:255:13-63
	android:name
		ADDED from src\main\AndroidManifest.xml:254:13-54
activity#com.lk.lankabell.android.activity.tsr.activity.RemarksActivity
ADDED from src\main\AndroidManifest.xml:264:9-274:20
	android:screenOrientation
		ADDED from src\main\AndroidManifest.xml:268:13-49
	android:label
		ADDED from src\main\AndroidManifest.xml:267:13-42
	android:configChanges
		ADDED from src\main\AndroidManifest.xml:266:13-63
	android:name
		ADDED from src\main\AndroidManifest.xml:265:13-53
activity#com.lk.lankabell.android.activity.tsr.activity.SelectorActivity
ADDED from src\main\AndroidManifest.xml:275:9-279:61
	android:screenOrientation
		ADDED from src\main\AndroidManifest.xml:279:13-49
	android:label
		ADDED from src\main\AndroidManifest.xml:278:13-38
	android:configChanges
		ADDED from src\main\AndroidManifest.xml:277:13-63
	android:name
		ADDED from src\main\AndroidManifest.xml:276:13-54
activity#com.lk.lankabell.android.activity.tsr.activity.LocationRegisterActivity
ADDED from src\main\AndroidManifest.xml:280:9-284:61
	android:screenOrientation
		ADDED from src\main\AndroidManifest.xml:284:13-49
	android:label
		ADDED from src\main\AndroidManifest.xml:283:13-46
	android:configChanges
		ADDED from src\main\AndroidManifest.xml:282:13-63
	android:name
		ADDED from src\main\AndroidManifest.xml:281:13-62
activity#com.lk.lankabell.android.activity.tsr.activity.MerchantActivity
ADDED from src\main\AndroidManifest.xml:285:9-289:61
	android:screenOrientation
		ADDED from src\main\AndroidManifest.xml:289:13-49
	android:label
		ADDED from src\main\AndroidManifest.xml:288:13-43
	android:configChanges
		ADDED from src\main\AndroidManifest.xml:287:13-63
	android:name
		ADDED from src\main\AndroidManifest.xml:286:13-54
activity#com.lk.lankabell.android.activity.tsr.activity.SelectMerchant
ADDED from src\main\AndroidManifest.xml:290:9-300:20
	android:screenOrientation
		ADDED from src\main\AndroidManifest.xml:294:13-49
	android:label
		ADDED from src\main\AndroidManifest.xml:293:13-44
	android:configChanges
		ADDED from src\main\AndroidManifest.xml:292:13-63
	android:name
		ADDED from src\main\AndroidManifest.xml:291:13-52
activity#com.lk.lankabell.android.activity.tsr.activity.faultTicket
ADDED from src\main\AndroidManifest.xml:301:9-305:61
	android:screenOrientation
		ADDED from src\main\AndroidManifest.xml:305:13-49
	android:label
		ADDED from src\main\AndroidManifest.xml:304:13-41
	android:configChanges
		ADDED from src\main\AndroidManifest.xml:303:13-63
	android:name
		ADDED from src\main\AndroidManifest.xml:302:13-49
activity#com.lk.lankabell.android.activity.tsr.activity.faultMaterial
ADDED from src\main\AndroidManifest.xml:306:9-310:61
	android:screenOrientation
		ADDED from src\main\AndroidManifest.xml:310:13-49
	android:label
		ADDED from src\main\AndroidManifest.xml:309:13-44
	android:configChanges
		ADDED from src\main\AndroidManifest.xml:308:13-63
	android:name
		ADDED from src\main\AndroidManifest.xml:307:13-51
activity#com.lk.lankabell.android.activity.tsr.activity.mysales
ADDED from src\main\AndroidManifest.xml:316:9-320:61
	android:screenOrientation
		ADDED from src\main\AndroidManifest.xml:320:13-49
	android:label
		ADDED from src\main\AndroidManifest.xml:319:13-37
	android:configChanges
		ADDED from src\main\AndroidManifest.xml:318:13-63
	android:name
		ADDED from src\main\AndroidManifest.xml:317:13-45
activity#com.lk.lankabell.android.activity.tsr.activity.Updates
ADDED from src\main\AndroidManifest.xml:321:9-325:61
	android:screenOrientation
		ADDED from src\main\AndroidManifest.xml:325:13-49
	android:label
		ADDED from src\main\AndroidManifest.xml:324:13-36
	android:configChanges
		ADDED from src\main\AndroidManifest.xml:323:13-63
	android:name
		ADDED from src\main\AndroidManifest.xml:322:13-45
activity#com.lk.lankabell.android.activity.tsr.activity.bulkAccept
ADDED from src\main\AndroidManifest.xml:326:9-330:61
	android:screenOrientation
		ADDED from src\main\AndroidManifest.xml:330:13-49
	android:label
		ADDED from src\main\AndroidManifest.xml:329:13-45
	android:configChanges
		ADDED from src\main\AndroidManifest.xml:328:13-63
	android:name
		ADDED from src\main\AndroidManifest.xml:327:13-48
activity#com.lk.lankabell.android.activity.tsr.activity.CardDetails
ADDED from src\main\AndroidManifest.xml:331:9-335:61
	android:screenOrientation
		ADDED from src\main\AndroidManifest.xml:335:13-49
	android:label
		ADDED from src\main\AndroidManifest.xml:334:13-37
	android:configChanges
		ADDED from src\main\AndroidManifest.xml:333:13-63
	android:name
		ADDED from src\main\AndroidManifest.xml:332:13-49
activity#com.lk.lankabell.android.activity.tsr.activity.MerchantInventoryCitySelect
ADDED from src\main\AndroidManifest.xml:340:9-343:61
	android:screenOrientation
		ADDED from src\main\AndroidManifest.xml:343:13-49
	android:configChanges
		ADDED from src\main\AndroidManifest.xml:342:13-63
	android:name
		ADDED from src\main\AndroidManifest.xml:341:13-65
activity#com.lk.lankabell.android.activity.tsr.activity.MerchantInventoryCitySelectFinal
ADDED from src\main\AndroidManifest.xml:344:9-347:61
	android:screenOrientation
		ADDED from src\main\AndroidManifest.xml:347:13-49
	android:configChanges
		ADDED from src\main\AndroidManifest.xml:346:13-63
	android:name
		ADDED from src\main\AndroidManifest.xml:345:13-70
activity#com.lk.lankabell.android.activity.tsr.activity.MerchantJobs
ADDED from src\main\AndroidManifest.xml:348:9-351:61
	android:screenOrientation
		ADDED from src\main\AndroidManifest.xml:351:13-49
	android:configChanges
		ADDED from src\main\AndroidManifest.xml:350:13-63
	android:name
		ADDED from src\main\AndroidManifest.xml:349:13-50
activity#com.lk.lankabell.android.activity.tsr.activity.AddMerchant
ADDED from src\main\AndroidManifest.xml:352:9-355:61
	android:screenOrientation
		ADDED from src\main\AndroidManifest.xml:355:13-49
	android:configChanges
		ADDED from src\main\AndroidManifest.xml:354:13-63
	android:name
		ADDED from src\main\AndroidManifest.xml:353:13-49
activity#com.lk.lankabell.android.activity.tsr.activity.AssignMerchant
ADDED from src\main\AndroidManifest.xml:356:9-365:20
	android:screenOrientation
		ADDED from src\main\AndroidManifest.xml:359:13-49
	android:configChanges
		ADDED from src\main\AndroidManifest.xml:358:13-63
	android:name
		ADDED from src\main\AndroidManifest.xml:357:13-52
activity#com.lk.lankabell.android.activity.tsr.activity.EditMerchantFinal
ADDED from src\main\AndroidManifest.xml:366:9-369:61
	android:screenOrientation
		ADDED from src\main\AndroidManifest.xml:369:13-49
	android:configChanges
		ADDED from src\main\AndroidManifest.xml:368:13-63
	android:name
		ADDED from src\main\AndroidManifest.xml:367:13-55
activity#com.lk.lankabell.android.activity.tsr.activity.EditMerchant
ADDED from src\main\AndroidManifest.xml:370:9-373:61
	android:screenOrientation
		ADDED from src\main\AndroidManifest.xml:373:13-49
	android:configChanges
		ADDED from src\main\AndroidManifest.xml:372:13-63
	android:name
		ADDED from src\main\AndroidManifest.xml:371:13-50
activity#com.lk.lankabell.android.activity.tsr.activity.MerchantInventorySelectType
ADDED from src\main\AndroidManifest.xml:374:9-377:61
	android:screenOrientation
		ADDED from src\main\AndroidManifest.xml:377:13-49
	android:configChanges
		ADDED from src\main\AndroidManifest.xml:376:13-63
	android:name
		ADDED from src\main\AndroidManifest.xml:375:13-65
activity#com.lk.lankabell.android.activity.tsr.activity.MerchantMySales
ADDED from src\main\AndroidManifest.xml:378:9-381:61
	android:screenOrientation
		ADDED from src\main\AndroidManifest.xml:381:13-49
	android:configChanges
		ADDED from src\main\AndroidManifest.xml:380:13-63
	android:name
		ADDED from src\main\AndroidManifest.xml:379:13-53
activity#com.lk.lankabell.android.activity.tsr.activity.MysalesDateWise
ADDED from src\main\AndroidManifest.xml:382:9-385:61
	android:screenOrientation
		ADDED from src\main\AndroidManifest.xml:385:13-49
	android:configChanges
		ADDED from src\main\AndroidManifest.xml:384:13-63
	android:name
		ADDED from src\main\AndroidManifest.xml:383:13-53
activity#com.lk.lankabell.android.activity.tsr.activity.MysalesCityWise
ADDED from src\main\AndroidManifest.xml:386:9-389:61
	android:screenOrientation
		ADDED from src\main\AndroidManifest.xml:389:13-49
	android:configChanges
		ADDED from src\main\AndroidManifest.xml:388:13-63
	android:name
		ADDED from src\main\AndroidManifest.xml:387:13-53
activity#com.lk.lankabell.android.activity.tsr.activity.TSRReports
ADDED from src\main\AndroidManifest.xml:390:9-393:61
	android:screenOrientation
		ADDED from src\main\AndroidManifest.xml:393:13-49
	android:configChanges
		ADDED from src\main\AndroidManifest.xml:392:13-63
	android:name
		ADDED from src\main\AndroidManifest.xml:391:13-48
activity#com.lk.lankabell.android.activity.tsr.activity.MerchantViewer
ADDED from src\main\AndroidManifest.xml:394:9-397:61
	android:screenOrientation
		ADDED from src\main\AndroidManifest.xml:397:13-49
	android:configChanges
		ADDED from src\main\AndroidManifest.xml:396:13-63
	android:name
		ADDED from src\main\AndroidManifest.xml:395:13-52
activity#com.lk.lankabell.android.activity.tsr.activity.MerchantViewerFinal
ADDED from src\main\AndroidManifest.xml:398:9-401:61
	android:screenOrientation
		ADDED from src\main\AndroidManifest.xml:401:13-49
	android:configChanges
		ADDED from src\main\AndroidManifest.xml:400:13-63
	android:name
		ADDED from src\main\AndroidManifest.xml:399:13-57
activity#com.lk.lankabell.android.activity.tsr.activity.CardCategoryList
ADDED from src\main\AndroidManifest.xml:402:9-412:20
	android:screenOrientation
		ADDED from src\main\AndroidManifest.xml:406:13-49
	android:label
		ADDED from src\main\AndroidManifest.xml:405:13-39
	android:configChanges
		ADDED from src\main\AndroidManifest.xml:404:13-63
	android:name
		ADDED from src\main\AndroidManifest.xml:403:13-54
activity#com.lk.lankabell.android.activity.tsr.activity.AddCity
ADDED from src\main\AndroidManifest.xml:413:9-423:20
	android:screenOrientation
		ADDED from src\main\AndroidManifest.xml:417:13-49
	android:label